{"numFailedTestSuites":0,"numFailedTests":0,"numPassedTestSuites":3,"numPassedTests":11,"numPendingTestSuites":0,"numPendingTests":0,"numRuntimeErrorTestSuites":0,"numTodoTests":0,"numTotalTestSuites":3,"numTotalTests":11,"openHandles":[],"snapshot":{"added":0,"didUpdate":false,"failure":false,"filesAdded":0,"filesRemoved":0,"filesRemovedList":[],"filesUnmatched":0,"filesUpdated":0,"matched":0,"total":0,"unchecked":0,"uncheckedKeysByFile":[],"unmatched":0,"updated":0},"startTime":1761415663088,"success":true,"testResults":[{"assertionResults":[{"ancestorTitles":["tasksController"],"duration":40,"failureDetails":[],"failureMessages":[],"fullName":"tasksController GET /tasks returns list","invocations":1,"location":null,"numPassingAsserts":2,"retryReasons":[],"status":"passed","title":"GET /tasks returns list"},{"ancestorTitles":["tasksController"],"duration":36,"failureDetails":[],"failureMessages":[],"fullName":"tasksController POST /tasks creates task","invocations":1,"location":null,"numPassingAsserts":2,"retryReasons":[],"status":"passed","title":"POST /tasks creates task"},{"ancestorTitles":["tasksController"],"duration":10,"failureDetails":[],"failureMessages":[],"fullName":"tasksController POST /tasks without title returns 400","invocations":1,"location":null,"numPassingAsserts":1,"retryReasons":[],"status":"passed","title":"POST /tasks without title returns 400"},{"ancestorTitles":["tasksController"],"duration":11,"failureDetails":[],"failureMessages":[],"fullName":"tasksController POST /tasks/:id/done returns 200 when ok","invocations":1,"location":null,"numPassingAsserts":2,"retryReasons":[],"status":"passed","title":"POST /tasks/:id/done returns 200 when ok"},{"ancestorTitles":["tasksController"],"duration":10,"failureDetails":[],"failureMessages":[],"fullName":"tasksController POST /tasks/:id/done returns 404 when not found","invocations":1,"location":null,"numPassingAsserts":1,"retryReasons":[],"status":"passed","title":"POST /tasks/:id/done returns 404 when not found"}],"endTime":1761415669177,"message":"","name":"E:\\MY PROJECTS\\Coveragex\\backend\\src\\__tests__\\tasksController.test.ts","startTime":1761415663715,"status":"passed","summary":""},{"assertionResults":[{"ancestorTitles":["TaskService"],"duration":3,"failureDetails":[],"failureMessages":[],"fullName":"TaskService listRecent returns tasks from model","invocations":1,"location":null,"numPassingAsserts":2,"retryReasons":[],"status":"passed","title":"listRecent returns tasks from model"},{"ancestorTitles":["TaskService"],"duration":1,"failureDetails":[],"failureMessages":[],"fullName":"TaskService create returns created task","invocations":1,"location":null,"numPassingAsserts":3,"retryReasons":[],"status":"passed","title":"create returns created task"},{"ancestorTitles":["TaskService"],"duration":9,"failureDetails":[],"failureMessages":[],"fullName":"TaskService create throws when findById returns null","invocations":1,"location":null,"numPassingAsserts":1,"retryReasons":[],"status":"passed","title":"create throws when findById returns null"},{"ancestorTitles":["TaskService"],"duration":2,"failureDetails":[],"failureMessages":[],"fullName":"TaskService markDone returns true when affectedRows > 0","invocations":1,"location":null,"numPassingAsserts":1,"retryReasons":[],"status":"passed","title":"markDone returns true when affectedRows > 0"},{"ancestorTitles":["TaskService"],"duration":1,"failureDetails":[],"failureMessages":[],"fullName":"TaskService markDone returns false when affectedRows === 0","invocations":1,"location":null,"numPassingAsserts":1,"retryReasons":[],"status":"passed","title":"markDone returns false when affectedRows === 0"}],"endTime":1761415669522,"message":"","name":"E:\\MY PROJECTS\\Coveragex\\backend\\src\\__tests__\\taskService.test.ts","startTime":1761415669199,"status":"passed","summary":""},{"assertionResults":[{"ancestorTitles":[],"duration":2,"failureDetails":[],"failureMessages":[],"fullName":"smoke","invocations":1,"location":null,"numPassingAsserts":1,"retryReasons":[],"status":"passed","title":"smoke"}],"endTime":1761415669713,"message":"","name":"E:\\MY PROJECTS\\Coveragex\\backend\\src\\__tests__\\smoke.test.ts","startTime":1761415669526,"status":"passed","summary":""}],"wasInterrupted":false}
